<?xml version="1.0" encoding="UTF-8"?>
<testng-results ignored="2" total="3" passed="1" failed="0" skipped="0">
  <reporter-output>
  </reporter-output>
  <suite started-at="2022-02-24T00:16:27Z" name="Default suite" finished-at="2022-02-24T00:16:33Z" duration-ms="6465">
    <groups>
    </groups>
    <test started-at="2022-02-24T00:16:27Z" name="Default test" finished-at="2022-02-24T00:16:33Z" duration-ms="6465">
      <class name="com.opensource.qa.Ejercicios">
        <test-method is-config="true" signature="beforeTest()[pri:0, instance:com.opensource.qa.Ejercicios@20f5281c]" started-at="2022-02-24T00:16:27Z" name="beforeTest" finished-at="2022-02-24T00:16:27Z" duration-ms="13" status="PASS">
          <reporter-output>
          </reporter-output>
        </test-method> <!-- beforeTest -->
        <test-method signature="fbookTest2()[pri:0, instance:com.opensource.qa.Ejercicios@20f5281c]" started-at="2022-02-24T00:16:27Z" name="fbookTest2" finished-at="2022-02-24T00:16:29Z" duration-ms="2238" status="PASS">
          <reporter-output>
          </reporter-output>
        </test-method> <!-- fbookTest2 -->
        <test-method is-config="true" signature="afterTest()[pri:0, instance:com.opensource.qa.Ejercicios@20f5281c]" started-at="2022-02-24T00:16:29Z" name="afterTest" finished-at="2022-02-24T00:16:33Z" duration-ms="4192" status="PASS">
          <reporter-output>
          </reporter-output>
        </test-method> <!-- afterTest -->
      </class> <!-- com.opensource.qa.Ejercicios -->
    </test> <!-- Default test -->
  </suite> <!-- Default suite -->
</testng-results>
