<?xml version="1.0" encoding="UTF-8"?>
<!-- Generated by org.testng.reporters.JUnitXMLReporter -->
<testsuite ignored="2" hostname="DESKTOP-8DDNT4J" failures="0" tests="1" name="Default test" time="6.465" errors="0" timestamp="24 Feb 2022 00:16:33 GMT">
  <testcase classname="com.opensource.qa.Ejercicios" name="fbookTest2" time="2.238"/>
  <testcase classname="com.opensource.qa.Ejercicios" name="f" time="0.0">
    <ignored/>
  </testcase> <!-- f -->
  <testcase classname="com.opensource.qa.Ejercicios" name="fbookTest" time="0.0">
    <ignored/>
  </testcase> <!-- fbookTest -->
</testsuite> <!-- Default test -->
